Mplus VERSION 8.11
MUTHEN & MUTHEN
04/17/2025   5:47 PM

INPUT INSTRUCTIONS

  TITLE:
  Multiple-group LTA
  DATA:
  FILE = "lta_inv_mg.dat";

  VARIABLE:
  NAMES = pid closz_t1 closz_t3 clos_t1 clos_t3 esupz_t1 esupz_t3 esup_t1 esup_t3
       edwz_t1 edwz_t3 edw_t1 edw_t3 isupz_t1 isupz_t3 isup_t1 isup_t3 idwz_t1 idwz_t3
       idw_t1 idw_t3 meetz_t1 meetz_t3 meet_t1 meet_t3 contz_t1 contz_t3 cont_t1
       cont_t3 oppz_t1 oppz_t3 opp_t1 opp_t3 opp5z_t1 opp5z_t3 opp5_t1 opp5_t3
       opp5n_t1 opp5n_t3 agec_t1 agec_t3 educ_t1 educ_t3 siopc_t1 siopc_t3 age1_t1
       age1_t3 age1_t11 age1_t13 age1_t31 age1_t33 edu1_t1 edu1_t3 edu1_t11 edu1_t13
       edu1_t31 edu1_t33 siop1_t1 siop1_t3 sip1_t11 sip1_t13 sip1_t31 sip1_t33 age2_t1
       age2_t3 age2_t11 age2_t13 age2_t31 age2_t33 edu2_t1 edu2_t3 edu2_t11 edu2_t13
       edu2_t31 edu2_t33 siop2_t1 siop2_t3 sip2_t11 sip2_t13 sip2_t31 sip2_t33 age3_t1
       age3_t3 age3_t11 age3_t13 age3_t31 age3_t33 edu3_t1 edu3_t3 edu3_t11 edu3_t13
       edu3_t31 edu3_t33 siop3_t1 siop3_t3 sip3_t11 sip3_t13 sip3_t31 sip3_t33 incc_t1
       incc_t3 hwc_t1 hwc_t3 inccv hwcv incnv hwnv inc1_t1 inc1_t3 inc2_t1 inc2_t3
       inc3_t1 inc3_t3 inc1_t11 inc1_t13 inc1_t31 inc1_t33 inc2_t11 inc2_t13 inc2_t31
       inc2_t33 inc3_t11 inc3_t13 inc3_t31 inc3_t33 hw1_t1 hw1_t3 hw2_t1 hw2_t3 hw3_t1
       hw3_t3 hw1_t11 hw1_t13 hw1_t31 hw1_t33 hw2_t11 hw2_t13 hw2_t31 hw2_t33 hw3_t11
       hw3_t13 hw3_t31 hw3_t33 inc11v inc11v_1 inc11v_3 inc11v_5 inc11v_7 inc12v
       inc12v_1 inc12v_3 inc12v_5 inc12v_7 hw11v hw11v_1 hw11v_3 hw11v_5 hw11v_7 hw12v
       hw12v_1 hw12v_3 hw12v_5 hw12v_7 inc21v inc21v_1 inc21v_3 inc21v_5 inc21v_7
       inc22v inc22v_1 inc22v_3 inc22v_5 inc22v_7 hw21v hw21v_1 hw21v_3 hw21v_5
       hw21v_7 hw22v hw22v_1 hw22v_3 hw22v_5 hw22v_7 inc31v inc31v_1 inc31v_3 inc31v_5
       inc31v_7 inc32v inc32v_1 inc32v_3 inc32v_5 inc32v_7 hw31v hw31v_1 hw31v_3
       hw31v_5 hw31v_7 hw32v hw32v_1 hw32v_3 hw32v_5 hw32v_7 sex_t1 sex_t3 cd_t1 cd_t3
       childcv childnv dw_t1 dw_t3 dw_t12 dw_t13 dw_t32 dw_t33 dwv dwv1_2 dwv1_3 ag_t1
       ag_t3 aage_t1 aage_t3 aedu_t1 aedu_t3 asiop_t1 asiop_t3 ainc_t1 ainc_t3 ahw_t1
       ahw_t3 ainccv ahwcv aincnv aincnv_1 aincnv_3 ahwnv ahwnv_1 ahwnv_3 ahk_t1
       ahk_t3 ahknv page_t1 page_t3 pagen_t1 pagen_t3 page_t12 page_t13 page_t14
       page_t32 page_t33 page_t34 psex_t1 psex_t3 pmar_t1 pmar_t3 pmarnv pedu_t1
       pedu_t3 pedu_t12 pedu_t13 pedu_t32 pedu_t33 phk_t1 phk_t3 pcor_t1 pcor_t3
       pcornv ppart_t1 ppart_t3 finc_t1 finc_t3 finccv fincnv fincnv_1 fincnv_3
       furb_t1 furb_t3 fprov_t1 fprov_t3 fpov_t11 fpov_t13 fpov_t31 fpov_t33 lft_t1
       lft_t3 fcz_t1 fcz_t3 resp_t1 resp_t3 lifetime;
   MISSING=.;
   usevar = closz_t1 opp5z_t1 esupz_t1 isupz_t1
  closz_t3 opp5z_t3 esupz_t3 isupz_t3
  !lifetime
  edwc_t1 idwc_t1
  edwc_t3 idwc_t3; ! Time1-4 have 4 continuous items. !

  categorical = edwc_t1 idwc_t1
  edwc_t3 idwc_t3;

  IDVARIABLE = pid;
  classes = t(2) c1(4) c3(4); !!! Specifing the classnumb = 4. !!!
  knownclass = t (lifetime=0 lifetime=1);
  DEFINE:
  edwc_t1 = 0;
  IF (edw_t1 LT esup_t1*1) THEN edwc_t1 = 1;

  idwc_t1 = 0;
  IF (idw_t1 LT isup_t1*1) THEN idwc_t1 = 1;

  edwc_t3 = 0;
  IF (edw_t3 LT esup_t3*1) THEN edwc_t3 = 1;

  idwc_t3 = 0;
  IF (idw_t3 LT isup_t3*1) THEN idwc_t3 = 1;
  ANALYSIS:
  ALGORITHM = EM;
  !!! algorithm = integration; !!!
  !!! integration = 30; !!!
  estimator = mlr;
  type = mixture;
  starts = 600 200;
  !!! LRTSTARTS = 20 5 100 25; !!!
  processors=10;
  !!! stscale = 1; !!!
  MODEL:
  %overall%
  c1-c3 on t;

  c3 on c1;
  !!! The above syntax can also be written as: !!!
  ! c2#1 on c1#1 c1#2 c1#3; !
  ! c2#2 on c1#1 c1#2 c1#3; !
  ! c2#3 on c1#1 c1#2 c1#3; !

  !!! the following syntax will allow item thresholds !!!
  !!! to be estimated for each class (e.g. non-measurement invariance) !!!

  MODEL t.c1:
  %t#1.c1#1%
  [closz_t1-isupz_t1] (1-4); !!! (1-6) is the only discrepancy between non-inv and inv. !!!
  [edwc_t1$1 idwc_t1$1] (5-6);
  %t#1.c1#2%
  [closz_t1-isupz_t1] (7-10);
  [edwc_t1$1 idwc_t1$1] (11-12);
  %t#1.c1#3%
  [closz_t1-isupz_t1] (13-16);
  [edwc_t1$1 idwc_t1$1] (17-18);
  %t#1.c1#4%
  [closz_t1-isupz_t1] (19-22);
  [edwc_t1$1 idwc_t1$1] (23-24);
  %t#2.c1#1%
  [closz_t1-isupz_t1] (1-4); !!! (1-6) is the only discrepancy between non-inv and inv. !!!
  [edwc_t1$1 idwc_t1$1] (5-6);
  %t#2.c1#2%
  [closz_t1-isupz_t1] (7-10);
  [edwc_t1$1 idwc_t1$1] (11-12);
  %t#2.c1#3%
  [closz_t1-isupz_t1] (13-16);
  [edwc_t1$1 idwc_t1$1] (17-18);
  %t#2.c1#4%
  [closz_t1-isupz_t1] (19-22);
  [edwc_t1$1 idwc_t1$1] (23-24);

  MODEL t.c3:
  %t#1.c3#1%
  [closz_t3-isupz_t3] (1-4); !!! (1-6) is the only discrepancy between non-inv and inv. !!!
  [edwc_t3$1 idwc_t3$1] (5-6);
  %t#1.c3#2%
  [closz_t3-isupz_t3] (7-10);
  [edwc_t3$1 idwc_t3$1] (11-12);
  %t#1.c3#3%
  [closz_t3-isupz_t3] (13-16);
  [edwc_t3$1 idwc_t3$1] (17-18);
  %t#1.c3#4%
  [closz_t3-isupz_t3] (19-22);
  [edwc_t3$1 idwc_t3$1] (23-24);
  %t#2.c3#1%
  [closz_t3-isupz_t3] (1-4); !!! (1-6) is the only discrepancy between non-inv and inv. !!!
  [edwc_t3$1 idwc_t3$1] (5-6);
  %t#2.c3#2%
  [closz_t3-isupz_t3] (7-10);
  [edwc_t3$1 idwc_t3$1] (11-12);
  %t#2.c3#3%
  [closz_t3-isupz_t3] (13-16);
  [edwc_t3$1 idwc_t3$1] (17-18);
  %t#2.c3#4%
  [closz_t3-isupz_t3] (19-22);
  [edwc_t3$1 idwc_t3$1] (23-24);



*** WARNING in MODEL command
  All variables are uncorrelated with all other variables within class.
  Check that this is what is intended.
   1 WARNING(S) FOUND IN THE INPUT INSTRUCTIONS




Multiple-group LTA

SUMMARY OF ANALYSIS

Number of groups                                                 1
Number of observations                                        7008

Number of dependent variables                                   12
Number of independent variables                                  0
Number of continuous latent variables                            0
Number of categorical latent variables                           3

Observed dependent variables

  Continuous
   CLOSZ_T1    OPP5Z_T1    ESUPZ_T1    ISUPZ_T1    CLOSZ_T3    OPP5Z_T3
   ESUPZ_T3    ISUPZ_T3

  Binary and ordered categorical (ordinal)
   EDWC_T1     IDWC_T1     EDWC_T3     IDWC_T3

Categorical latent variables
   T           C1          C3

  Knownclass            T

Variables with special functions

  ID variable           PID

Estimator                                                      MLR
Information matrix                                        OBSERVED
Optimization Specifications for the Quasi-Newton Algorithm for
Continuous Outcomes
  Maximum number of iterations                                 100
  Convergence criterion                                  0.100D-05
Optimization Specifications for the EM Algorithm
  Maximum number of iterations                                 500
  Convergence criteria
    Loglikelihood change                                 0.100D-03
    Relative loglikelihood change                        0.100D-05
    Derivative                                           0.100D-03
Optimization Specifications for the M step of the EM Algorithm for
Categorical Latent variables
  Number of M step iterations                                    1
  M step convergence criterion                           0.100D-03
  Basis for M step termination                           ITERATION
Optimization Specifications for the M step of the EM Algorithm for
Censored, Binary or Ordered Categorical (Ordinal), Unordered
Categorical (Nominal) and Count Outcomes
  Number of M step iterations                                    1
  M step convergence criterion                           0.100D-03
  Basis for M step termination                           ITERATION
  Maximum value for logit thresholds                            15
  Minimum value for logit thresholds                           -15
  Minimum expected cell size for chi-square              0.100D-01
Maximum number of iterations for H1                           2000
Convergence criterion for H1                             0.100D-03
Optimization algorithm                                          EM
Random Starts Specifications
  Number of initial stage random starts                        600
  Number of final stage optimizations                          200
  Number of initial stage iterations                            10
  Initial stage convergence criterion                    0.100D+01
  Random starts scale                                    0.500D+01
  Random seed for generating random starts                       0
Parameterization                                             LOGIT
Link                                                         LOGIT

Input data file(s)
  lta_inv_mg.dat
Input data format  FREE


SUMMARY OF DATA

     Number of missing data patterns             1
     Number of y missing data patterns           1
     Number of u missing data patterns           1


COVARIANCE COVERAGE OF DATA

Minimum covariance coverage value   0.100


     PROPORTION OF DATA PRESENT FOR Y


           Covariance Coverage
              CLOSZ_T1      OPP5Z_T1      ESUPZ_T1      ISUPZ_T1      CLOSZ_T3
              ________      ________      ________      ________      ________
 CLOSZ_T1       1.000
 OPP5Z_T1       1.000         1.000
 ESUPZ_T1       1.000         1.000         1.000
 ISUPZ_T1       1.000         1.000         1.000         1.000
 CLOSZ_T3       1.000         1.000         1.000         1.000         1.000
 OPP5Z_T3       1.000         1.000         1.000         1.000         1.000
 ESUPZ_T3       1.000         1.000         1.000         1.000         1.000
 ISUPZ_T3       1.000         1.000         1.000         1.000         1.000


           Covariance Coverage
              OPP5Z_T3      ESUPZ_T3      ISUPZ_T3
              ________      ________      ________
 OPP5Z_T3       1.000
 ESUPZ_T3       1.000         1.000
 ISUPZ_T3       1.000         1.000         1.000


UNIVARIATE PROPORTIONS AND COUNTS FOR CATEGORICAL VARIABLES

    EDWC_T1
      Category 1    0.630         4418.000
      Category 2    0.370         2590.000
    IDWC_T1
      Category 1    0.818         5733.000
      Category 2    0.182         1275.000
    EDWC_T3
      Category 1    0.565         3958.000
      Category 2    0.435         3050.000
    IDWC_T3
      Category 1    0.747         5238.000
      Category 2    0.253         1770.000



UNIVARIATE SAMPLE STATISTICS


     UNIVARIATE HIGHER-ORDER MOMENT DESCRIPTIVE STATISTICS

         Variable/         Mean/     Skewness/   Minimum/ % with                Percentiles
        Sample Size      Variance    Kurtosis    Maximum  Min/Max      20%/60%    40%/80%    Median

     CLOSZ_T1              5.000      -0.771       0.551    0.23%       4.592      4.592      4.592
            7008.000       1.000       0.122       5.939   45.99%       5.939      5.939
     OPP5Z_T1              5.000      -0.665       2.265    2.48%       4.117      5.043      5.043
            7008.000       1.000      -0.426       5.969   42.69%       5.969      5.969
     ESUPZ_T1              5.000       0.567       4.201   59.59%       4.201      4.201      4.201
            7008.000       1.000      -1.448       7.453    0.11%       5.339      6.183
     ISUPZ_T1              5.000       1.189       4.368   67.39%       4.368      4.368      4.368
            7008.000       1.000      -0.226       7.139   10.50%       4.368      6.215
     CLOSZ_T3              5.000      -0.913       0.700    0.26%       4.557      4.557      5.842
            7008.000       1.000       0.138       5.842   51.88%       5.842      5.842
     OPP5Z_T3              5.000      -0.665       2.168    2.33%       4.087      5.046      5.046
            7008.000       1.000      -0.281       6.005   40.03%       6.005      6.005
     ESUPZ_T3              5.000       0.277       4.080   52.67%       4.080      4.080      4.080
            7008.000       1.000      -1.708       7.123    0.20%       5.714      6.108
     ISUPZ_T3              5.000       0.843       4.258   59.85%       4.258      4.258      4.258
            7008.000       1.000      -0.944       6.880   12.43%       4.695      6.006

RANDOM STARTS RESULTS RANKED FROM THE BEST TO THE WORST LOGLIKELIHOOD VALUES

Final stage loglikelihood values at local maxima, seeds, and initial stage start numbers:

          -72615.990  354624           448
          -72615.990  903369           134
          -72615.990  163110           584
          -72615.990  791285           416
          -72615.990  569131           26
          -72615.990  217130           443
          -72615.990  497522           502
          -72615.990  349263           263
          -72615.990  85462            51
          -72615.990  507154           387
          -72615.990  264935           281
          -72615.990  835767           210
          -72615.990  669634           335
          -72615.990  617243           237
          -72615.990  364676           27
          -72615.990  797594           234
          -72615.990  742688           594
          -72615.990  181293           212
          -72615.990  849670           347
          -72615.990  798839           312
          -72615.990  903633           553
          -72615.990  21132            351
          -72615.990  57226            208
          -72615.990  801717           364
          -72615.990  161421           519
          -72615.990  636396           168
          -72615.990  126371           526
          -72615.990  76337            76
          -72615.990  350608           334
          -72615.990  937588           293
          -72615.990  512836           289
          -72615.990  298275           418
          -72615.990  399848           220
          -72615.990  748692           204
          -72615.990  745972           521
          -72615.990  481835           57
          -72615.990  136842           58
          -72615.990  539389           544
          -72615.990  137377           397
          -72615.990  608849           224
          -72615.990  392766           331
          -72615.990  971693           470
          -72615.990  93468            3
          -72615.990  783110           72
          -72615.990  85734            411
          -72615.990  387701           275
          -72615.990  438144           271
          -72615.990  127215           9
          -72615.990  995249           525
          -72615.990  311214           64
          -72615.990  284384           600
          -72615.990  831410           567
          -72615.990  178475           231
          -72615.990  153053           378
          -72615.990  605358           321
          -72615.990  319144           176
          -72615.990  626087           314
          -72615.990  156536           245
          -72615.990  170954           86
          -72615.990  621542           375
          -72615.990  294669           501
          -72615.990  281558           184
          -72615.990  165853           105
          -72615.990  92564            583
          -72615.990  411615           171
          -72615.990  637345           19
          -72615.990  436892           565
          -72615.990  312754           562
          -72615.990  726035           191
          -72615.990  275475           413
          -72615.990  679832           302
          -72615.990  648555           113
          -72615.990  689529           516
          -72615.990  603842           61
          -72615.990  789985           67
          -72615.990  188640           451
          -72615.990  118421           139
          -72615.990  123985           248
          -72615.990  704798           530
          -72615.990  303634           169
          -72615.990  252949           487
          -72615.990  1548             384
          -72615.990  857799           315
          -72615.990  930323           267
          -72615.990  173440           328
          -72615.990  436460           89
          -72615.990  790059           469
          -72615.990  416463           467
          -72615.990  76451            211
          -72615.990  823392           479
          -72615.990  793035           187
          -72615.990  788796           145
          -72615.990  715561           125
          -72615.990  742609           531
          -72615.990  276102           599
          -72615.990  614009           317
          -72615.990  933578           506
          -72615.990  685268           596
          -72615.990  848969           173
          -72615.990  264081           186
          -72615.990  282464           283
          -72615.990  650354           577
          -72615.990  853195           431
          -72615.990  232559           136
          -72615.990  514326           325
          -72615.990  584397           428
          -72615.990  226322           478
          -72615.990  950604           172
          -72615.990  82357            339
          -72615.990  840078           203
          -72615.990  267983           228
          -72615.990  749635           420
          -72646.104  39136            226
          -72646.104  809240           543
          -72646.104  802682           419
          -72646.104  377504           294
          -72646.104  140442           500
          -72646.104  887580           493
          -72646.104  568859           49
          -72646.104  80438            246
          -72646.104  331681           549
          -72660.656  674171           195
          -72660.656  535063           329
          -72660.656  967237           48
          -72660.656  15715            274
          -72660.656  376411           473
          -72660.656  12477            155
          -72660.656  587946           120
          -72660.656  573096           20
          -72660.656  872743           374
          -77210.540  314084           81
          -77210.540  117587           572
          -77210.540  830392           35
          -77210.540  345726           461
          -77210.540  903420           5
          -77228.458  891347           504
          -77228.458  626891           32
          -77232.929  190339           102
          -77613.018  957392           79
          -78431.256  27071            15
          -78431.256  49221            254
          -78431.256  317640           437
          -78431.256  618760           489
          -78668.269  488125           368
          -78668.269  383986           159
          -78668.269  85114            385
          -78668.269  526324           178
          -78668.269  824126           287
          -78668.269  155622           507
          -78668.269  22874            588
          -78668.269  534483           290
          -78668.269  97158            205
          -78668.269  354559           73
          -78668.269  422103           62
          -79142.120  609185           181
          -79142.120  491970           563
          -79142.120  821011           161
          -79142.120  417035           149
          -79142.120  132336           362
          -79142.120  195873           6
          -79142.120  840031           276
          -79142.120  121425           511
          -79142.120  798821           423
          -79142.120  566739           575
          -79142.120  76974            16
          -79142.120  4091             548
          -79142.120  609089           241
          -79142.120  379729           512
          -79157.397  804660           260
          -79188.434  68985            17

30 perturbed starting value run(s) did not converge or were rejected in the third stage.



THE BEST LOGLIKELIHOOD VALUE HAS BEEN REPLICATED.  RERUN WITH AT LEAST TWICE THE
RANDOM STARTS TO CHECK THAT THE BEST LOGLIKELIHOOD IS STILL OBTAINED AND REPLICATED.


THE MODEL ESTIMATION TERMINATED NORMALLY



MODEL FIT INFORMATION

Number of Free Parameters                       54

Loglikelihood

          H0 Value                      -72615.990
          H0 Scaling Correction Factor      1.2137
            for MLR

Information Criteria

          Akaike (AIC)                  145339.979
          Bayesian (BIC)                145710.139
          Sample-Size Adjusted BIC      145538.539
            (n* = (n + 2) / 24)

Chi-Square Test of Model Fit for the Binary and Ordered Categorical
(Ordinal) Outcomes

          Pearson Chi-Square

          Value                            634.319
          Degrees of freedom cannot be computed for this model part.

          Likelihood Ratio Chi-Square

          Value                            578.886
          Degrees of freedom cannot be computed for this model part.



FINAL CLASS COUNTS AND PROPORTIONS FOR EACH LATENT CLASS VARIABLE
BASED ON THE ESTIMATED MODEL

  Latent Class
    Variable    Class

    T              1      3746.99976          0.53467
                   2      3260.99976          0.46533
    C1             1      1731.59570          0.24709
                   2      1093.34412          0.15601
                   3      3272.90479          0.46702
                   4       910.15540          0.12987
    C3             1      1887.62000          0.26935
                   2      1418.46948          0.20241
                   3      2696.48193          0.38477
                   4      1005.42871          0.14347


LATENT CLASS INDICATOR MEANS AND PROBABILITIES FOR EACH LATENT CLASS

     MEAN/PROBABILITY PROFILES FOR C1
                       Latent class
                     1      2      3      4
     EDWC_T1
       Category 1  0.065  0.107  0.999  0.998
       Category 2  0.935  0.893  0.001  0.002
     IDWC_T1
       Category 1  0.946  0.410  0.961  0.407
       Category 2  0.054  0.590  0.039  0.593
     CLOSZ_T1      5.013  5.193  4.865  5.144
     OPP5Z_T1      4.747  5.450  4.791  5.537
     ESUPZ_T1      6.083  6.120  4.147  4.139
     ISUPZ_T1      4.375  6.346  4.358  6.429

     MEAN/PROBABILITY PROFILES FOR C3
                       Latent class
                     1      2      3      4
     EDWC_T3
       Category 1  0.065  0.107  0.999  0.998
       Category 2  0.935  0.893  0.001  0.002
     IDWC_T3
       Category 1  0.946  0.410  0.961  0.407
       Category 2  0.054  0.590  0.039  0.593
     CLOSZ_T3      5.013  5.193  4.865  5.144
     OPP5Z_T3      4.747  5.450  4.791  5.537
     ESUPZ_T3      6.083  6.120  4.147  4.139
     ISUPZ_T3      4.375  6.346  4.358  6.429


LATENT TRANSITION PROBABILITIES BASED ON THE ESTIMATED MODEL

  T Classes (Rows) by C1 Classes (Columns)

            1        2        3        4

   1     0.240    0.127    0.510    0.123
   2     0.255    0.190    0.418    0.138

  C1 Classes (Rows) by C3 Classes (Columns)

            1        2        3        4

   1     0.448    0.186    0.289    0.077
   2     0.235    0.471    0.141    0.153
   3     0.223    0.110    0.546    0.121
   4     0.137    0.243    0.280    0.340


C-SPECIFIC CLASSIFICATION RESULTS

Classification Quality for T

     Entropy                         1.000

Average Latent Class Probabilities for Most Likely Latent Class Membership (Row)
by Latent Class (Column)

           1        2

    1   1.000    0.000
    2   0.000    1.000


Classification Probabilities for the Most Likely Latent Class Membership (Column)
by Latent Class (Row)

           1        2

    1   1.000    0.000
    2   0.000    1.000


Logits for the Classification Probabilities for the Most Likely Latent Class Membership (Column)
by Latent Class (Row)

              1        2

    1     13.816    0.000
    2    -13.816    0.000

Classification Quality for C1

     Entropy                         0.991

Average Latent Class Probabilities for Most Likely Latent Class Membership (Row)
by Latent Class (Column)

           1        2        3        4

    1   0.993    0.007    0.000    0.000
    2   0.008    0.992    0.000    0.000
    3   0.000    0.000    0.996    0.004
    4   0.000    0.000    0.005    0.995


Classification Probabilities for the Most Likely Latent Class Membership (Column)
by Latent Class (Row)

           1        2        3        4

    1   0.995    0.005    0.000    0.000
    2   0.011    0.989    0.000    0.000
    3   0.000    0.000    0.999    0.001
    4   0.000    0.000    0.015    0.985


Logits for the Classification Probabilities for the Most Likely Latent Class Membership (Column)
by Latent Class (Row)

              1        2        3        4

    1     13.811    8.470    1.928    0.000
    2      9.274   13.805    0.000    0.000
    3     -5.340   -7.165    6.649    0.000
    4    -13.801   -9.759   -4.208    0.000

Classification Quality for C3

     Entropy                         0.986

Average Latent Class Probabilities for Most Likely Latent Class Membership (Row)
by Latent Class (Column)

           1        2        3        4

    1   0.995    0.004    0.000    0.000
    2   0.011    0.988    0.000    0.001
    3   0.000    0.000    0.996    0.003
    4   0.000    0.000    0.015    0.985


Classification Probabilities for the Most Likely Latent Class Membership (Column)
by Latent Class (Row)

           1        2        3        4

    1   0.991    0.009    0.000    0.000
    2   0.006    0.994    0.000    0.000
    3   0.000    0.000    0.994    0.006
    4   0.000    0.001    0.009    0.990


Logits for the Classification Probabilities for the Most Likely Latent Class Membership (Column)
by Latent Class (Row)

              1        2        3        4

    1     13.806    9.066    5.977    0.000
    2      3.355    8.478   -5.331    0.000
    3     -5.420   -8.628    5.182    0.000
    4    -13.806   -7.032   -4.717    0.000


MODEL RESULTS

                                                    Two-Tailed
                    Estimate       S.E.  Est./S.E.    P-Value

Parameters in the Overall Part of the Model (Parameters Equal in All of the Classes)

 Variances
    CLOSZ_T1           0.986      0.017     58.056      0.000
    OPP5Z_T1           0.907      0.014     64.790      0.000
    ESUPZ_T1           0.062      0.002     31.433      0.000
    ISUPZ_T1           0.117      0.003     39.924      0.000
    CLOSZ_T3           0.979      0.017     57.263      0.000
    OPP5Z_T3           0.871      0.014     62.129      0.000
    ESUPZ_T3           0.060      0.002     34.199      0.000
    ISUPZ_T3           0.125      0.003     41.436      0.000

Parameters for Class-specific Model Parts of T.C1

Latent Class Pattern T#1 C1#1

 Means
    CLOSZ_T1           5.013      0.018    280.439      0.000
    OPP5Z_T1           4.747      0.018    257.847      0.000
    ESUPZ_T1           6.083      0.007    900.840      0.000
    ISUPZ_T1           4.375      0.004   1003.977      0.000

 Thresholds
    EDWC_T1$1         -2.667      0.072    -37.280      0.000
    IDWC_T1$1          2.861      0.086     33.118      0.000

Latent Class Pattern T#1 C1#2

 Means
    CLOSZ_T1           5.193      0.018    283.304      0.000
    OPP5Z_T1           5.450      0.017    325.335      0.000
    ESUPZ_T1           6.120      0.008    753.025      0.000
    ISUPZ_T1           6.346      0.014    458.528      0.000

 Thresholds
    EDWC_T1$1         -2.125      0.069    -30.917      0.000
    IDWC_T1$1         -0.364      0.045     -8.025      0.000

Latent Class Pattern T#1 C1#3

 Means
    CLOSZ_T1           4.865      0.015    317.460      0.000
    OPP5Z_T1           4.791      0.016    296.069      0.000
    ESUPZ_T1           4.147      0.002   2703.803      0.000
    ISUPZ_T1           4.358      0.003   1582.061      0.000

 Thresholds
    EDWC_T1$1          6.692      0.382     17.519      0.000
    IDWC_T1$1          3.212      0.074     43.688      0.000

Latent Class Pattern T#1 C1#4

 Means
    CLOSZ_T1           5.144      0.022    236.785      0.000
    OPP5Z_T1           5.537      0.018    314.817      0.000
    ESUPZ_T1           4.139      0.002   2060.388      0.000
    ISUPZ_T1           6.429      0.016    398.132      0.000

 Thresholds
    EDWC_T1$1          6.004      0.472     12.726      0.000
    IDWC_T1$1         -0.377      0.051     -7.384      0.000

Latent Class Pattern T#2 C1#1

 Means
    CLOSZ_T1           5.013      0.018    280.439      0.000
    OPP5Z_T1           4.747      0.018    257.847      0.000
    ESUPZ_T1           6.083      0.007    900.840      0.000
    ISUPZ_T1           4.375      0.004   1003.977      0.000

 Thresholds
    EDWC_T1$1         -2.667      0.072    -37.280      0.000
    IDWC_T1$1          2.861      0.086     33.118      0.000

Latent Class Pattern T#2 C1#2

 Means
    CLOSZ_T1           5.193      0.018    283.304      0.000
    OPP5Z_T1           5.450      0.017    325.335      0.000
    ESUPZ_T1           6.120      0.008    753.025      0.000
    ISUPZ_T1           6.346      0.014    458.528      0.000

 Thresholds
    EDWC_T1$1         -2.125      0.069    -30.917      0.000
    IDWC_T1$1         -0.364      0.045     -8.025      0.000

Latent Class Pattern T#2 C1#3

 Means
    CLOSZ_T1           4.865      0.015    317.460      0.000
    OPP5Z_T1           4.791      0.016    296.069      0.000
    ESUPZ_T1           4.147      0.002   2703.803      0.000
    ISUPZ_T1           4.358      0.003   1582.061      0.000

 Thresholds
    EDWC_T1$1          6.692      0.382     17.519      0.000
    IDWC_T1$1          3.212      0.074     43.688      0.000

Latent Class Pattern T#2 C1#4

 Means
    CLOSZ_T1           5.144      0.022    236.785      0.000
    OPP5Z_T1           5.537      0.018    314.817      0.000
    ESUPZ_T1           4.139      0.002   2060.388      0.000
    ISUPZ_T1           6.429      0.016    398.132      0.000

 Thresholds
    EDWC_T1$1          6.004      0.472     12.726      0.000
    IDWC_T1$1         -0.377      0.051     -7.384      0.000

Parameters for Class-specific Model Parts of T.C3

Latent Class Pattern T#1 C3#1

 Means
    CLOSZ_T3           5.013      0.018    280.439      0.000
    OPP5Z_T3           4.747      0.018    257.847      0.000
    ESUPZ_T3           6.083      0.007    900.840      0.000
    ISUPZ_T3           4.375      0.004   1003.977      0.000

 Thresholds
    EDWC_T3$1         -2.667      0.072    -37.280      0.000
    IDWC_T3$1          2.861      0.086     33.118      0.000

Latent Class Pattern T#1 C3#2

 Means
    CLOSZ_T3           5.193      0.018    283.304      0.000
    OPP5Z_T3           5.450      0.017    325.335      0.000
    ESUPZ_T3           6.120      0.008    753.025      0.000
    ISUPZ_T3           6.346      0.014    458.528      0.000

 Thresholds
    EDWC_T3$1         -2.125      0.069    -30.917      0.000
    IDWC_T3$1         -0.364      0.045     -8.025      0.000

Latent Class Pattern T#1 C3#3

 Means
    CLOSZ_T3           4.865      0.015    317.460      0.000
    OPP5Z_T3           4.791      0.016    296.069      0.000
    ESUPZ_T3           4.147      0.002   2703.803      0.000
    ISUPZ_T3           4.358      0.003   1582.061      0.000

 Thresholds
    EDWC_T3$1          6.692      0.382     17.519      0.000
    IDWC_T3$1          3.212      0.074     43.688      0.000

Latent Class Pattern T#1 C3#4

 Means
    CLOSZ_T3           5.144      0.022    236.785      0.000
    OPP5Z_T3           5.537      0.018    314.817      0.000
    ESUPZ_T3           4.139      0.002   2060.388      0.000
    ISUPZ_T3           6.429      0.016    398.132      0.000

 Thresholds
    EDWC_T3$1          6.004      0.472     12.726      0.000
    IDWC_T3$1         -0.377      0.051     -7.384      0.000

Latent Class Pattern T#2 C3#1

 Means
    CLOSZ_T3           5.013      0.018    280.439      0.000
    OPP5Z_T3           4.747      0.018    257.847      0.000
    ESUPZ_T3           6.083      0.007    900.840      0.000
    ISUPZ_T3           4.375      0.004   1003.977      0.000

 Thresholds
    EDWC_T3$1         -2.667      0.072    -37.280      0.000
    IDWC_T3$1          2.861      0.086     33.118      0.000

Latent Class Pattern T#2 C3#2

 Means
    CLOSZ_T3           5.193      0.018    283.304      0.000
    OPP5Z_T3           5.450      0.017    325.335      0.000
    ESUPZ_T3           6.120      0.008    753.025      0.000
    ISUPZ_T3           6.346      0.014    458.528      0.000

 Thresholds
    EDWC_T3$1         -2.125      0.069    -30.917      0.000
    IDWC_T3$1         -0.364      0.045     -8.025      0.000

Latent Class Pattern T#2 C3#3

 Means
    CLOSZ_T3           4.865      0.015    317.460      0.000
    OPP5Z_T3           4.791      0.016    296.069      0.000
    ESUPZ_T3           4.147      0.002   2703.803      0.000
    ISUPZ_T3           4.358      0.003   1582.061      0.000

 Thresholds
    EDWC_T3$1          6.692      0.382     17.519      0.000
    IDWC_T3$1          3.212      0.074     43.688      0.000

Latent Class Pattern T#2 C3#4

 Means
    CLOSZ_T3           5.144      0.022    236.785      0.000
    OPP5Z_T3           5.537      0.018    314.817      0.000
    ESUPZ_T3           4.139      0.002   2060.388      0.000
    ISUPZ_T3           6.429      0.016    398.132      0.000

 Thresholds
    EDWC_T3$1          6.004      0.472     12.726      0.000
    IDWC_T3$1         -0.377      0.051     -7.384      0.000

Categorical Latent Variables

 C1#1     ON
    T#1                0.055      0.082      0.672      0.502

 C1#2     ON
    T#1               -0.291      0.091     -3.202      0.001

 C1#3     ON
    T#1                0.311      0.076      4.097      0.000

 C3#1     ON
    T#1                0.316      0.083      3.820      0.000
    C1#1               2.672      0.145     18.425      0.000
    C1#2               1.356      0.148      9.141      0.000
    C1#3               1.507      0.126     11.981      0.000

 C3#2     ON
    T#1               -0.047      0.086     -0.544      0.587
    C1#1               1.221      0.138      8.829      0.000
    C1#2               1.461      0.127     11.527      0.000
    C1#3               0.239      0.116      2.056      0.040

 C3#3     ON
    T#1                0.588      0.079      7.472      0.000
    C1#1               1.525      0.133     11.447      0.000
    C1#2               0.150      0.144      1.041      0.298
    C1#3               1.679      0.104     16.193      0.000

 Means
    T#1                0.139      0.024      5.801      0.000
    C1#1               0.615      0.059     10.375      0.000
    C1#2               0.320      0.062      5.137      0.000
    C1#3               1.110      0.055     20.099      0.000
    C3#1              -1.063      0.116     -9.142      0.000
    C3#2              -0.314      0.097     -3.236      0.001
    C3#3              -0.504      0.096     -5.236      0.000


QUALITY OF NUMERICAL RESULTS

     Condition Number for the Information Matrix              0.335E-05
       (ratio of smallest to largest eigenvalue)


RESULTS IN PROBABILITY SCALE

                                                    Two-Tailed
                    Estimate       S.E.  Est./S.E.    P-Value

Results for Class-specific Model Parts of C1

Latent Class C1#1

 EDWC_T1
    Category 1         0.065      0.004     14.949      0.000
    Category 2         0.935      0.004    215.215      0.000
 IDWC_T1
    Category 1         0.946      0.004    213.852      0.000
    Category 2         0.054      0.004     12.240      0.000

Latent Class C1#2

 EDWC_T1
    Category 1         0.107      0.007     16.290      0.000
    Category 2         0.893      0.007    136.347      0.000
 IDWC_T1
    Category 1         0.410      0.011     37.396      0.000
    Category 2         0.590      0.011     53.803      0.000

Latent Class C1#3

 EDWC_T1
    Category 1         0.999      0.000   2113.284      0.000
    Category 2         0.001      0.000      2.621      0.009
 IDWC_T1
    Category 1         0.961      0.003    351.361      0.000
    Category 2         0.039      0.003     14.148      0.000

Latent Class C1#4

 EDWC_T1
    Category 1         0.998      0.001    860.482      0.000
    Category 2         0.002      0.001      2.125      0.034
 IDWC_T1
    Category 1         0.407      0.012     33.036      0.000
    Category 2         0.593      0.012     48.155      0.000

Results for Class-specific Model Parts of C3

Latent Class C3#1

 EDWC_T3
    Category 1         0.065      0.004     14.949      0.000
    Category 2         0.935      0.004    215.215      0.000
 IDWC_T3
    Category 1         0.946      0.004    213.852      0.000
    Category 2         0.054      0.004     12.240      0.000

Latent Class C3#2

 EDWC_T3
    Category 1         0.107      0.007     16.290      0.000
    Category 2         0.893      0.007    136.347      0.000
 IDWC_T3
    Category 1         0.410      0.011     37.396      0.000
    Category 2         0.590      0.011     53.803      0.000

Latent Class C3#3

 EDWC_T3
    Category 1         0.999      0.000   2113.284      0.000
    Category 2         0.001      0.000      2.621      0.009
 IDWC_T3
    Category 1         0.961      0.003    351.361      0.000
    Category 2         0.039      0.003     14.148      0.000

Latent Class C3#4

 EDWC_T3
    Category 1         0.998      0.001    860.482      0.000
    Category 2         0.002      0.001      2.125      0.034
 IDWC_T3
    Category 1         0.407      0.012     33.036      0.000
    Category 2         0.593      0.012     48.155      0.000


     Beginning Time:  17:47:17
        Ending Time:  17:53:47
       Elapsed Time:  00:06:30



MUTHEN & MUTHEN
3463 Stoner Ave.
Los Angeles, CA  90066

Tel: (310) 391-9971
Fax: (310) 391-8971
Web: www.StatModel.com
Support: Support@StatModel.com

Copyright (c) 1998-2024 Muthen & Muthen
