Mplus VERSION 8.11
MUTHEN & MUTHEN
04/17/2025   8:52 PM

INPUT INSTRUCTIONS

  TITLE:
  Multiple-group LTA
  DATA:
  FILE = "lta_noninv_mg.dat";

  VARIABLE:
  NAMES = pid closz_t1 closz_t3 clos_t1 clos_t3 esupz_t1 esupz_t3 esup_t1 esup_t3
       edwz_t1 edwz_t3 edw_t1 edw_t3 isupz_t1 isupz_t3 isup_t1 isup_t3 idwz_t1 idwz_t3
       idw_t1 idw_t3 meetz_t1 meetz_t3 meet_t1 meet_t3 contz_t1 contz_t3 cont_t1
       cont_t3 oppz_t1 oppz_t3 opp_t1 opp_t3 opp5z_t1 opp5z_t3 opp5_t1 opp5_t3
       opp5n_t1 opp5n_t3 agec_t1 agec_t3 educ_t1 educ_t3 siopc_t1 siopc_t3 age1_t1
       age1_t3 age1_t11 age1_t13 age1_t31 age1_t33 edu1_t1 edu1_t3 edu1_t11 edu1_t13
       edu1_t31 edu1_t33 siop1_t1 siop1_t3 sip1_t11 sip1_t13 sip1_t31 sip1_t33 age2_t1
       age2_t3 age2_t11 age2_t13 age2_t31 age2_t33 edu2_t1 edu2_t3 edu2_t11 edu2_t13
       edu2_t31 edu2_t33 siop2_t1 siop2_t3 sip2_t11 sip2_t13 sip2_t31 sip2_t33 age3_t1
       age3_t3 age3_t11 age3_t13 age3_t31 age3_t33 edu3_t1 edu3_t3 edu3_t11 edu3_t13
       edu3_t31 edu3_t33 siop3_t1 siop3_t3 sip3_t11 sip3_t13 sip3_t31 sip3_t33 incc_t1
       incc_t3 hwc_t1 hwc_t3 inccv hwcv incnv hwnv inc1_t1 inc1_t3 inc2_t1 inc2_t3
       inc3_t1 inc3_t3 inc1_t11 inc1_t13 inc1_t31 inc1_t33 inc2_t11 inc2_t13 inc2_t31
       inc2_t33 inc3_t11 inc3_t13 inc3_t31 inc3_t33 hw1_t1 hw1_t3 hw2_t1 hw2_t3 hw3_t1
       hw3_t3 hw1_t11 hw1_t13 hw1_t31 hw1_t33 hw2_t11 hw2_t13 hw2_t31 hw2_t33 hw3_t11
       hw3_t13 hw3_t31 hw3_t33 inc11v inc11v_1 inc11v_3 inc11v_5 inc11v_7 inc12v
       inc12v_1 inc12v_3 inc12v_5 inc12v_7 hw11v hw11v_1 hw11v_3 hw11v_5 hw11v_7 hw12v
       hw12v_1 hw12v_3 hw12v_5 hw12v_7 inc21v inc21v_1 inc21v_3 inc21v_5 inc21v_7
       inc22v inc22v_1 inc22v_3 inc22v_5 inc22v_7 hw21v hw21v_1 hw21v_3 hw21v_5
       hw21v_7 hw22v hw22v_1 hw22v_3 hw22v_5 hw22v_7 inc31v inc31v_1 inc31v_3 inc31v_5
       inc31v_7 inc32v inc32v_1 inc32v_3 inc32v_5 inc32v_7 hw31v hw31v_1 hw31v_3
       hw31v_5 hw31v_7 hw32v hw32v_1 hw32v_3 hw32v_5 hw32v_7 sex_t1 sex_t3 cd_t1 cd_t3
       childcv childnv dw_t1 dw_t3 dw_t12 dw_t13 dw_t32 dw_t33 dwv dwv1_2 dwv1_3 ag_t1
       ag_t3 aage_t1 aage_t3 aedu_t1 aedu_t3 asiop_t1 asiop_t3 ainc_t1 ainc_t3 ahw_t1
       ahw_t3 ainccv ahwcv aincnv aincnv_1 aincnv_3 ahwnv ahwnv_1 ahwnv_3 ahk_t1
       ahk_t3 ahknv page_t1 page_t3 pagen_t1 pagen_t3 page_t12 page_t13 page_t14
       page_t32 page_t33 page_t34 psex_t1 psex_t3 pmar_t1 pmar_t3 pmarnv pedu_t1
       pedu_t3 pedu_t12 pedu_t13 pedu_t32 pedu_t33 phk_t1 phk_t3 pcor_t1 pcor_t3
       pcornv ppart_t1 ppart_t3 finc_t1 finc_t3 finccv fincnv fincnv_1 fincnv_3
       furb_t1 furb_t3 fprov_t1 fprov_t3 fpov_t11 fpov_t13 fpov_t31 fpov_t33 lft_t1
       lft_t3 fcz_t1 fcz_t3 resp_t1 resp_t3 lifetime;
   MISSING=.;
   usevar = closz_t1 opp5z_t1 esupz_t1 isupz_t1
  closz_t3 opp5z_t3 esupz_t3 isupz_t3
  !lifetime
  edwc_t1 idwc_t1
  edwc_t3 idwc_t3; ! Time1-4 have 4 continuous items. !

  categorical = edwc_t1 idwc_t1
  edwc_t3 idwc_t3;

  IDVARIABLE = pid;
  classes = t(2) c1(4) c3(4); !!! Specifing the classnumb = 4. !!!
  knownclass = t (lifetime=0 lifetime=1);
  DEFINE:
  edwc_t1 = 0;
      IF (edw_t1 LT esup_t1*1) THEN edwc_t1 = 1;

      idwc_t1 = 0;
      IF (idw_t1 LT isup_t1*1) THEN idwc_t1 = 1;

      edwc_t3 = 0;
      IF (edw_t3 LT esup_t3*1) THEN edwc_t3 = 1;

      idwc_t3 = 0;
      IF (idw_t3 LT isup_t3*1) THEN idwc_t3 = 1;
  ANALYSIS:
  ALGORITHM = EM;
  !!! algorithm = integration; !!!
  !!! integration = 30; !!!
  estimator = mlr;
  type = mixture;
  starts = 600 200;
  !!! LRTSTARTS = 20 5 100 25; !!!
  processors=10;
  !!! stscale = 1; !!!
  MODEL:
  %overall%
  c1-c3 on t;

  c3 on c1;
  !!! The above syntax can also be written as: !!!
  ! c2#1 on c1#1 c1#2 c1#3; !
  ! c2#2 on c1#1 c1#2 c1#3; !
  ! c2#3 on c1#1 c1#2 c1#3; !

  !!! the following syntax will allow item thresholds !!!
  !!! to be estimated for each class (e.g. non-measurement invariance) !!!

  MODEL t.c1:
  %t#1.c1#1%
  [closz_t1-isupz_t1] (1-4); !!! (1-6) is the only discrepancy between non-inv and inv. !!!
  [edwc_t1$1 idwc_t1$1] (5-6);
  %t#1.c1#2%
  [closz_t1-isupz_t1] (7-10);
  [edwc_t1$1 idwc_t1$1] (11-12);
  %t#1.c1#3%
  [closz_t1-isupz_t1] (13-16);
  [edwc_t1$1 idwc_t1$1] (17-18);
  %t#1.c1#4%
  [closz_t1-isupz_t1] (19-22);
  [edwc_t1$1 idwc_t1$1] (23-24);
  %t#2.c1#1%
  [closz_t1-isupz_t1] (1-4); !!! (1-6) is the only discrepancy between non-inv and inv. !!!
  [edwc_t1$1] (105);[idwc_t1$1] (106);
  %t#2.c1#2%
  [closz_t1-isupz_t1] (7-10);
  [edwc_t1$1] (111);[idwc_t1$1] (112);
  %t#2.c1#3%
  [closz_t1-isupz_t1] (13-16);
  [edwc_t1$1] (117);[idwc_t1$1] (118);
  %t#2.c1#4%
  [closz_t1-isupz_t1] (19-22);
  [edwc_t1$1] (123);[idwc_t1$1] (124);

  MODEL t.c3:
  %t#1.c3#1%
  [closz_t3-isupz_t3] (1-4); !!! (1-6) is the only discrepancy between non-inv and inv. !!!
  [edwc_t3$1 idwc_t3$1] (5-6);
  %t#1.c3#2%
  [closz_t3-isupz_t3] (7-10);
  [edwc_t3$1 idwc_t3$1] (11-12);
  %t#1.c3#3%
  [closz_t3-isupz_t3] (13-16);
  [edwc_t3$1 idwc_t3$1] (17-18);
  %t#1.c3#4%
  [closz_t3-isupz_t3] (19-22);
  [edwc_t3$1 idwc_t3$1] (23-24);
  %t#2.c3#1%
  [closz_t3-isupz_t3] (1-4); !!! (1-6) is the only discrepancy between non-inv and inv. !!!
  [edwc_t3$1] (105);[idwc_t3$1] (106);
  %t#2.c3#2%
  [closz_t3-isupz_t3] (7-10);
  [edwc_t3$1] (111);[idwc_t3$1] (112);
  %t#2.c3#3%
  [closz_t3-isupz_t3] (13-16);
  [edwc_t3$1] (117);[idwc_t3$1] (118);
  %t#2.c3#4%
  [closz_t3-isupz_t3] (19-22);
  [edwc_t3$1] (123);[idwc_t3$1] (124);



*** WARNING in MODEL command
  All variables are uncorrelated with all other variables within class.
  Check that this is what is intended.
   1 WARNING(S) FOUND IN THE INPUT INSTRUCTIONS




Multiple-group LTA

SUMMARY OF ANALYSIS

Number of groups                                                 1
Number of observations                                        7008

Number of dependent variables                                   12
Number of independent variables                                  0
Number of continuous latent variables                            0
Number of categorical latent variables                           3

Observed dependent variables

  Continuous
   CLOSZ_T1    OPP5Z_T1    ESUPZ_T1    ISUPZ_T1    CLOSZ_T3    OPP5Z_T3
   ESUPZ_T3    ISUPZ_T3

  Binary and ordered categorical (ordinal)
   EDWC_T1     IDWC_T1     EDWC_T3     IDWC_T3

Categorical latent variables
   T           C1          C3

  Knownclass            T

Variables with special functions

  ID variable           PID

Estimator                                                      MLR
Information matrix                                        OBSERVED
Optimization Specifications for the Quasi-Newton Algorithm for
Continuous Outcomes
  Maximum number of iterations                                 100
  Convergence criterion                                  0.100D-05
Optimization Specifications for the EM Algorithm
  Maximum number of iterations                                 500
  Convergence criteria
    Loglikelihood change                                 0.100D-03
    Relative loglikelihood change                        0.100D-05
    Derivative                                           0.100D-03
Optimization Specifications for the M step of the EM Algorithm for
Categorical Latent variables
  Number of M step iterations                                    1
  M step convergence criterion                           0.100D-03
  Basis for M step termination                           ITERATION
Optimization Specifications for the M step of the EM Algorithm for
Censored, Binary or Ordered Categorical (Ordinal), Unordered
Categorical (Nominal) and Count Outcomes
  Number of M step iterations                                    1
  M step convergence criterion                           0.100D-03
  Basis for M step termination                           ITERATION
  Maximum value for logit thresholds                            15
  Minimum value for logit thresholds                           -15
  Minimum expected cell size for chi-square              0.100D-01
Maximum number of iterations for H1                           2000
Convergence criterion for H1                             0.100D-03
Optimization algorithm                                          EM
Random Starts Specifications
  Number of initial stage random starts                        600
  Number of final stage optimizations                          200
  Number of initial stage iterations                            10
  Initial stage convergence criterion                    0.100D+01
  Random starts scale                                    0.500D+01
  Random seed for generating random starts                       0
Parameterization                                             LOGIT
Link                                                         LOGIT

Input data file(s)
  lta_noninv_mg.dat
Input data format  FREE


SUMMARY OF DATA

     Number of missing data patterns             1
     Number of y missing data patterns           1
     Number of u missing data patterns           1


COVARIANCE COVERAGE OF DATA

Minimum covariance coverage value   0.100


     PROPORTION OF DATA PRESENT FOR Y


           Covariance Coverage
              CLOSZ_T1      OPP5Z_T1      ESUPZ_T1      ISUPZ_T1      CLOSZ_T3
              ________      ________      ________      ________      ________
 CLOSZ_T1       1.000
 OPP5Z_T1       1.000         1.000
 ESUPZ_T1       1.000         1.000         1.000
 ISUPZ_T1       1.000         1.000         1.000         1.000
 CLOSZ_T3       1.000         1.000         1.000         1.000         1.000
 OPP5Z_T3       1.000         1.000         1.000         1.000         1.000
 ESUPZ_T3       1.000         1.000         1.000         1.000         1.000
 ISUPZ_T3       1.000         1.000         1.000         1.000         1.000


           Covariance Coverage
              OPP5Z_T3      ESUPZ_T3      ISUPZ_T3
              ________      ________      ________
 OPP5Z_T3       1.000
 ESUPZ_T3       1.000         1.000
 ISUPZ_T3       1.000         1.000         1.000


UNIVARIATE PROPORTIONS AND COUNTS FOR CATEGORICAL VARIABLES

    EDWC_T1
      Category 1    0.630         4418.000
      Category 2    0.370         2590.000
    IDWC_T1
      Category 1    0.818         5733.000
      Category 2    0.182         1275.000
    EDWC_T3
      Category 1    0.565         3958.000
      Category 2    0.435         3050.000
    IDWC_T3
      Category 1    0.747         5238.000
      Category 2    0.253         1770.000



UNIVARIATE SAMPLE STATISTICS


     UNIVARIATE HIGHER-ORDER MOMENT DESCRIPTIVE STATISTICS

         Variable/         Mean/     Skewness/   Minimum/ % with                Percentiles
        Sample Size      Variance    Kurtosis    Maximum  Min/Max      20%/60%    40%/80%    Median

     CLOSZ_T1              5.000      -0.771       0.551    0.23%       4.592      4.592      4.592
            7008.000       1.000       0.122       5.939   45.99%       5.939      5.939
     OPP5Z_T1              5.000      -0.665       2.265    2.48%       4.117      5.043      5.043
            7008.000       1.000      -0.426       5.969   42.69%       5.969      5.969
     ESUPZ_T1              5.000       0.567       4.201   59.59%       4.201      4.201      4.201
            7008.000       1.000      -1.448       7.453    0.11%       5.339      6.183
     ISUPZ_T1              5.000       1.189       4.368   67.39%       4.368      4.368      4.368
            7008.000       1.000      -0.226       7.139   10.50%       4.368      6.215
     CLOSZ_T3              5.000      -0.913       0.700    0.26%       4.557      4.557      5.842
            7008.000       1.000       0.138       5.842   51.88%       5.842      5.842
     OPP5Z_T3              5.000      -0.665       2.168    2.33%       4.087      5.046      5.046
            7008.000       1.000      -0.281       6.005   40.03%       6.005      6.005
     ESUPZ_T3              5.000       0.277       4.080   52.67%       4.080      4.080      4.080
            7008.000       1.000      -1.708       7.123    0.20%       5.714      6.108
     ISUPZ_T3              5.000       0.843       4.258   59.85%       4.258      4.258      4.258
            7008.000       1.000      -0.944       6.880   12.43%       4.695      6.006

RANDOM STARTS RESULTS RANKED FROM THE BEST TO THE WORST LOGLIKELIHOOD VALUES

Final stage loglikelihood values at local maxima, seeds, and initial stage start numbers:

          -72171.778  402224           91
          -72171.778  85462            51
          -72171.778  317640           437
          -72171.778  871851           257
          -72171.778  605358           321
          -72171.778  595153           230
          -72171.778  268217           83
          -72171.778  650354           577
          -72171.778  539389           544
          -72171.778  170954           86
          -72171.778  748692           204
          -72171.778  252949           487
          -72171.778  948615           140
          -72171.778  608849           224
          -72171.778  364676           27
          -72171.778  933578           506
          -72171.778  350608           334
          -72171.778  793035           187
          -72171.778  438144           271
          -72171.778  55115            408
          -72171.778  749635           420
          -72171.778  715255           523
          -72171.778  267983           228
          -72171.778  798821           423
          -72171.778  783165           170
          -72171.778  798839           312
          -72171.778  416463           467
          -72171.778  399848           220
          -72171.778  644297           340
          -72171.778  284384           600
          -72171.778  760878           249
          -72171.778  82357            339
          -72171.778  57226            208
          -72171.778  78862            529
          -72171.778  512836           289
          -72171.778  25127            107
          -72171.778  609089           241
          -72171.778  298275           418
          -72171.778  226322           478
          -72171.778  752769           253
          -72171.778  996231           310
          -72171.778  370466           41
          -72171.778  395754           388
          -72171.778  275475           413
          -72171.778  691041           590
          -72171.778  584397           428
          -72171.778  181293           212
          -72171.778  848969           173
          -72171.778  327475           518
          -72171.778  53621            483
          -72171.778  787985           482
          -72171.778  950604           172
          -72171.778  349263           263
          -72171.778  835767           210
          -72171.778  937588           293
          -72171.778  507154           387
          -72171.778  679832           302
          -72171.778  126371           526
          -72171.778  965639           463
          -72171.778  689529           516
          -72171.778  614009           317
          -72171.778  846194           93
          -72171.778  742609           531
          -72171.778  303634           169
          -72171.778  587946           120
          -72171.778  117587           572
          -72171.778  414284           158
          -72171.778  165853           105
          -72171.778  879338           309
          -72171.778  685268           596
          -72171.778  436892           565
          -72171.778  156536           245
          -72171.778  840078           203
          -72171.778  436460           89
          -72171.778  849670           347
          -72171.778  92564            583
          -72171.778  514326           325
          -72171.778  603842           61
          -72171.778  790059           469
          -72171.778  704798           530
          -72171.778  358074           560
          -72171.778  387701           275
          -72171.778  797594           234
          -72171.778  995249           525
          -72171.778  178475           231
          -72171.778  312754           562
          -72171.778  76451            211
          -72171.778  636396           168
          -72171.778  93468            3
          -72171.778  319144           176
          -72171.778  930323           267
          -72171.778  163110           584
          -72171.778  232559           136
          -72171.778  76337            76
          -72171.778  392766           331
          -72171.778  17359            227
          -72171.778  831410           567
          -72171.778  648555           113
          -72171.778  276102           599
          -72171.778  173440           328
          -72171.778  862607           468
          -72179.967  971693           470
          -72179.967  802256           477
          -72179.967  294669           501
          -72179.967  891347           504
          -72179.967  715561           125
          -72179.967  809240           543
          -72179.967  377504           294
          -72179.967  966014           37
          -72179.967  654136           167
          -72179.967  783110           72
          -72179.967  621542           375
          -72179.967  85734            411
          -72179.967  153053           378
          -72185.635  967237           48
          -72185.635  872743           374
          -72185.635  315029           471
          -72193.965  340112           126
          -72202.130  626891           32
          -72202.130  80438            246
          -72202.130  331681           549
          -72202.130  281558           184
          -72202.130  497522           502
          -72202.130  802682           419
          -72203.433  137377           397
          -72215.972  12477            155
          -72217.280  354624           448
          -72225.461  535063           329
          -72466.747  466971           109
          -72797.509  391949           295
          -74014.827  440841           118
          -74150.328  745972           521
          -76795.276  311214           64
          -76795.276  903420           5
          -76795.276  830392           35
          -76803.027  190339           102
          -76811.991  568859           49
          -77158.969  723775           97
          -77158.969  724519           333
          -78216.991  354559           73
          -78216.991  534483           290
          -78216.991  669634           335
          -78216.991  824126           287
          -78216.991  526324           178
          -78216.991  903633           553
          -78216.991  22874            588
          -78216.991  85114            385
          -78216.991  383986           159
          -78216.991  155622           507
          -78632.310  821011           161
          -78632.310  59674            240
          -78632.310  840031           276
          -78632.310  132336           362
          -78632.310  4091             548
          -78632.310  76974            16
          -78632.310  699554           427
          -78632.310  566739           575
          -78632.310  609185           181
          -78632.310  970689           266
          -78632.310  195873           6
          -78632.310  742688           594
          -78632.310  121425           511
          -78632.310  923437           398
          -78632.310  417035           149
          -78632.310  68985            17
          -78644.758  39136            226
          -78647.545  662718           460
          -78647.545  485256           371

32 perturbed starting value run(s) did not converge or were rejected in the third stage.



THE BEST LOGLIKELIHOOD VALUE HAS BEEN REPLICATED.  RERUN WITH AT LEAST TWICE THE
RANDOM STARTS TO CHECK THAT THE BEST LOGLIKELIHOOD IS STILL OBTAINED AND REPLICATED.


THE MODEL ESTIMATION TERMINATED NORMALLY



MODEL FIT INFORMATION

Number of Free Parameters                       62

Loglikelihood

          H0 Value                      -72171.778
          H0 Scaling Correction Factor      1.1950
            for MLR

Information Criteria

          Akaike (AIC)                  144467.556
          Bayesian (BIC)                144892.554
          Sample-Size Adjusted BIC      144695.532
            (n* = (n + 2) / 24)

Chi-Square Test of Model Fit for the Binary and Ordered Categorical
(Ordinal) Outcomes

          Pearson Chi-Square

          Value                            172.474
          Degrees of freedom cannot be computed for this model part.

          Likelihood Ratio Chi-Square

          Value                            171.479
          Degrees of freedom cannot be computed for this model part.



FINAL CLASS COUNTS AND PROPORTIONS FOR EACH LATENT CLASS VARIABLE
BASED ON THE ESTIMATED MODEL

  Latent Class
    Variable    Class

    T              1      3747.00024          0.53467
                   2      3260.99976          0.46533
    C1             1      3273.51294          0.46711
                   2      1093.75867          0.15607
                   3       909.53882          0.12979
                   4      1731.18945          0.24703
    C3             1      2695.36206          0.38461
                   2      1419.89648          0.20261
                   3      1006.92975          0.14368
                   4      1885.81165          0.26909


LATENT CLASS INDICATOR MEANS AND PROBABILITIES FOR EACH LATENT CLASS

     MEAN/PROBABILITY PROFILES FOR C1
                       Latent class
                     1      2      3      4
     CLOSZ_T1      4.865  5.193  5.144  5.013
     OPP5Z_T1      4.790  5.450  5.538  4.747
     ESUPZ_T1      4.147  6.120  4.139  6.083
     ISUPZ_T1      4.358  6.345  6.429  4.374

     MEAN/PROBABILITY PROFILES FOR C3
                       Latent class
                     1      2      3      4
     CLOSZ_T3      4.865  5.193  5.144  5.013
     OPP5Z_T3      4.790  5.450  5.538  4.747
     ESUPZ_T3      4.147  6.120  4.139  6.083
     ISUPZ_T3      4.358  6.345  6.429  4.374


LATENT TRANSITION PROBABILITIES BASED ON THE ESTIMATED MODEL

  T Classes (Rows) by C1 Classes (Columns)

            1        2        3        4

   1     0.510    0.127    0.123    0.240
   2     0.418    0.189    0.137    0.255

  C1 Classes (Rows) by C3 Classes (Columns)

            1        2        3        4

   1     0.546    0.110    0.122    0.223
   2     0.141    0.471    0.153    0.235
   3     0.280    0.243    0.340    0.137
   4     0.289    0.187    0.077    0.447


C-SPECIFIC CLASSIFICATION RESULTS

Classification Quality for T

     Entropy                         1.000

Average Latent Class Probabilities for Most Likely Latent Class Membership (Row)
by Latent Class (Column)

           1        2

    1   1.000    0.000
    2   0.000    1.000


Classification Probabilities for the Most Likely Latent Class Membership (Column)
by Latent Class (Row)

           1        2

    1   1.000    0.000
    2   0.000    1.000


Logits for the Classification Probabilities for the Most Likely Latent Class Membership (Column)
by Latent Class (Row)

              1        2

    1     13.816    0.000
    2    -13.816    0.000

Classification Quality for C1

     Entropy                         0.991

Average Latent Class Probabilities for Most Likely Latent Class Membership (Row)
by Latent Class (Column)

           1        2        3        4

    1   0.996    0.000    0.004    0.000
    2   0.000    0.993    0.000    0.007
    3   0.005    0.000    0.995    0.000
    4   0.000    0.007    0.000    0.993


Classification Probabilities for the Most Likely Latent Class Membership (Column)
by Latent Class (Row)

           1        2        3        4

    1   0.999    0.000    0.001    0.000
    2   0.000    0.988    0.000    0.012
    3   0.014    0.000    0.986    0.000
    4   0.000    0.005    0.000    0.995


Logits for the Classification Probabilities for the Most Likely Latent Class Membership (Column)
by Latent Class (Row)

              1        2        3        4

    1     11.874   -1.940    5.235    0.000
    2     -9.369    4.435   -9.369    0.000
    3      9.550    3.633   13.801    0.000
    4    -12.670   -5.370  -13.811    0.000

Classification Quality for C3

     Entropy                         0.987

Average Latent Class Probabilities for Most Likely Latent Class Membership (Row)
by Latent Class (Column)

           1        2        3        4

    1   0.997    0.000    0.003    0.000
    2   0.000    0.990    0.000    0.010
    3   0.015    0.001    0.984    0.000
    4   0.000    0.005    0.000    0.995


Classification Probabilities for the Most Likely Latent Class Membership (Column)
by Latent Class (Row)

           1        2        3        4

    1   0.994    0.000    0.005    0.000
    2   0.000    0.993    0.001    0.006
    3   0.008    0.000    0.992    0.000
    4   0.000    0.007    0.000    0.992


Logits for the Classification Probabilities for the Most Likely Latent Class Membership (Column)
by Latent Class (Row)

              1        2        3        4

    1     10.305   -3.505    5.102    0.000
    2     -8.720    5.088   -1.984    0.000
    3      8.941    5.203   13.808    0.000
    4     -7.776   -4.909  -13.808    0.000


MODEL RESULTS

                                                    Two-Tailed
                    Estimate       S.E.  Est./S.E.    P-Value

Parameters in the Overall Part of the Model (Parameters Equal in All of the Classes)

 Variances
    CLOSZ_T1           0.986      0.017     58.057      0.000
    OPP5Z_T1           0.907      0.014     64.768      0.000
    ESUPZ_T1           0.062      0.002     31.436      0.000
    ISUPZ_T1           0.117      0.003     39.991      0.000
    CLOSZ_T3           0.979      0.017     57.267      0.000
    OPP5Z_T3           0.871      0.014     62.123      0.000
    ESUPZ_T3           0.060      0.002     34.146      0.000
    ISUPZ_T3           0.125      0.003     42.015      0.000

Parameters for Class-specific Model Parts of T.C1

Latent Class Pattern T#1 C1#1

 Means
    CLOSZ_T1           4.865      0.015    317.451      0.000
    OPP5Z_T1           4.790      0.016    296.098      0.000
    ESUPZ_T1           4.147      0.002   2702.969      0.000
    ISUPZ_T1           4.358      0.003   1596.269      0.000

 Thresholds
    EDWC_T1$1          7.222      0.653     11.067      0.000
    IDWC_T1$1          3.526      0.106     33.339      0.000

Latent Class Pattern T#1 C1#2

 Means
    CLOSZ_T1           5.193      0.018    283.510      0.000
    OPP5Z_T1           5.450      0.017    326.281      0.000
    ESUPZ_T1           6.120      0.008    753.343      0.000
    ISUPZ_T1           6.345      0.014    459.337      0.000

 Thresholds
    EDWC_T1$1         -1.553      0.084    -18.586      0.000
    IDWC_T1$1          0.600      0.068      8.811      0.000

Latent Class Pattern T#1 C1#3

 Means
    CLOSZ_T1           5.144      0.022    236.916      0.000
    OPP5Z_T1           5.538      0.018    315.668      0.000
    ESUPZ_T1           4.139      0.002   2015.365      0.000
    ISUPZ_T1           6.429      0.016    400.753      0.000

 Thresholds
    EDWC_T1$1          6.299      0.822      7.664      0.000
    IDWC_T1$1          0.323      0.070      4.585      0.000

Latent Class Pattern T#1 C1#4

 Means
    CLOSZ_T1           5.013      0.018    280.216      0.000
    OPP5Z_T1           4.747      0.018    257.787      0.000
    ESUPZ_T1           6.083      0.007    900.494      0.000
    ISUPZ_T1           4.374      0.004   1018.176      0.000

 Thresholds
    EDWC_T1$1         -2.240      0.083    -26.956      0.000
    IDWC_T1$1          3.330      0.139     23.914      0.000

Latent Class Pattern T#2 C1#1

 Means
    CLOSZ_T1           4.865      0.015    317.451      0.000
    OPP5Z_T1           4.790      0.016    296.098      0.000
    ESUPZ_T1           4.147      0.002   2702.969      0.000
    ISUPZ_T1           4.358      0.003   1596.269      0.000

 Thresholds
    EDWC_T1$1          6.212      0.472     13.165      0.000
    IDWC_T1$1          2.857      0.099     28.942      0.000

Latent Class Pattern T#2 C1#2

 Means
    CLOSZ_T1           5.193      0.018    283.510      0.000
    OPP5Z_T1           5.450      0.017    326.281      0.000
    ESUPZ_T1           6.120      0.008    753.343      0.000
    ISUPZ_T1           6.345      0.014    459.337      0.000

 Thresholds
    EDWC_T1$1         -2.845      0.126    -22.539      0.000
    IDWC_T1$1         -1.200      0.070    -17.072      0.000

Latent Class Pattern T#2 C1#3

 Means
    CLOSZ_T1           5.144      0.022    236.916      0.000
    OPP5Z_T1           5.538      0.018    315.668      0.000
    ESUPZ_T1           4.139      0.002   2015.365      0.000
    ISUPZ_T1           6.429      0.016    400.753      0.000

 Thresholds
    EDWC_T1$1          5.793      0.578     10.028      0.000
    IDWC_T1$1         -1.116      0.082    -13.622      0.000

Latent Class Pattern T#2 C1#4

 Means
    CLOSZ_T1           5.013      0.018    280.216      0.000
    OPP5Z_T1           4.747      0.018    257.787      0.000
    ESUPZ_T1           6.083      0.007    900.494      0.000
    ISUPZ_T1           4.374      0.004   1018.176      0.000

 Thresholds
    EDWC_T1$1         -3.491      0.143    -24.370      0.000
    IDWC_T1$1          2.487      0.106     23.376      0.000

Parameters for Class-specific Model Parts of T.C3

Latent Class Pattern T#1 C3#1

 Means
    CLOSZ_T3           4.865      0.015    317.451      0.000
    OPP5Z_T3           4.790      0.016    296.098      0.000
    ESUPZ_T3           4.147      0.002   2702.969      0.000
    ISUPZ_T3           4.358      0.003   1596.269      0.000

 Thresholds
    EDWC_T3$1          7.222      0.653     11.067      0.000
    IDWC_T3$1          3.526      0.106     33.339      0.000

Latent Class Pattern T#1 C3#2

 Means
    CLOSZ_T3           5.193      0.018    283.510      0.000
    OPP5Z_T3           5.450      0.017    326.281      0.000
    ESUPZ_T3           6.120      0.008    753.343      0.000
    ISUPZ_T3           6.345      0.014    459.337      0.000

 Thresholds
    EDWC_T3$1         -1.553      0.084    -18.586      0.000
    IDWC_T3$1          0.600      0.068      8.811      0.000

Latent Class Pattern T#1 C3#3

 Means
    CLOSZ_T3           5.144      0.022    236.916      0.000
    OPP5Z_T3           5.538      0.018    315.668      0.000
    ESUPZ_T3           4.139      0.002   2015.365      0.000
    ISUPZ_T3           6.429      0.016    400.753      0.000

 Thresholds
    EDWC_T3$1          6.299      0.822      7.664      0.000
    IDWC_T3$1          0.323      0.070      4.585      0.000

Latent Class Pattern T#1 C3#4

 Means
    CLOSZ_T3           5.013      0.018    280.216      0.000
    OPP5Z_T3           4.747      0.018    257.787      0.000
    ESUPZ_T3           6.083      0.007    900.494      0.000
    ISUPZ_T3           4.374      0.004   1018.176      0.000

 Thresholds
    EDWC_T3$1         -2.240      0.083    -26.956      0.000
    IDWC_T3$1          3.330      0.139     23.914      0.000

Latent Class Pattern T#2 C3#1

 Means
    CLOSZ_T3           4.865      0.015    317.451      0.000
    OPP5Z_T3           4.790      0.016    296.098      0.000
    ESUPZ_T3           4.147      0.002   2702.969      0.000
    ISUPZ_T3           4.358      0.003   1596.269      0.000

 Thresholds
    EDWC_T3$1          6.212      0.472     13.165      0.000
    IDWC_T3$1          2.857      0.099     28.942      0.000

Latent Class Pattern T#2 C3#2

 Means
    CLOSZ_T3           5.193      0.018    283.510      0.000
    OPP5Z_T3           5.450      0.017    326.281      0.000
    ESUPZ_T3           6.120      0.008    753.343      0.000
    ISUPZ_T3           6.345      0.014    459.337      0.000

 Thresholds
    EDWC_T3$1         -2.845      0.126    -22.539      0.000
    IDWC_T3$1         -1.200      0.070    -17.072      0.000

Latent Class Pattern T#2 C3#3

 Means
    CLOSZ_T3           5.144      0.022    236.916      0.000
    OPP5Z_T3           5.538      0.018    315.668      0.000
    ESUPZ_T3           4.139      0.002   2015.365      0.000
    ISUPZ_T3           6.429      0.016    400.753      0.000

 Thresholds
    EDWC_T3$1          5.793      0.578     10.028      0.000
    IDWC_T3$1         -1.116      0.082    -13.622      0.000

Latent Class Pattern T#2 C3#4

 Means
    CLOSZ_T3           5.013      0.018    280.216      0.000
    OPP5Z_T3           4.747      0.018    257.787      0.000
    ESUPZ_T3           6.083      0.007    900.494      0.000
    ISUPZ_T3           4.374      0.004   1018.176      0.000

 Thresholds
    EDWC_T3$1         -3.491      0.143    -24.370      0.000
    IDWC_T3$1          2.487      0.106     23.376      0.000

Categorical Latent Variables

 C1#1     ON
    T#1                0.257      0.060      4.284      0.000

 C1#2     ON
    T#1               -0.341      0.079     -4.340      0.000

 C1#3     ON
    T#1               -0.051      0.082     -0.618      0.537

 C3#1     ON
    T#1                0.272      0.063      4.290      0.000
    C1#1               1.320      0.073     18.077      0.000
    C1#2              -0.058      0.119     -0.490      0.624
    C1#3               1.147      0.125      9.152      0.000

 C3#2     ON
    T#1               -0.350      0.074     -4.709      0.000
    C1#1               0.183      0.094      1.939      0.053
    C1#2               1.555      0.104     14.934      0.000
    C1#3               1.448      0.133     10.875      0.000

 C3#3     ON
    T#1               -0.303      0.083     -3.672      0.000
    C1#1               1.167      0.115     10.142      0.000
    C1#2               1.316      0.140      9.373      0.000
    C1#3               2.670      0.145     18.418      0.000

 Means
    T#1                0.139      0.024      5.801      0.000
    C1#1               0.495      0.044     11.194      0.000
    C1#2              -0.296      0.054     -5.499      0.000
    C1#3              -0.617      0.059    -10.442      0.000
    C3#1              -0.588      0.069     -8.585      0.000
    C3#2              -0.706      0.076     -9.302      0.000
    C3#3              -1.613      0.103    -15.664      0.000


QUALITY OF NUMERICAL RESULTS

     Condition Number for the Information Matrix              0.324E-05
       (ratio of smallest to largest eigenvalue)


RESULTS IN PROBABILITY SCALE

                                                    Two-Tailed
                    Estimate       S.E.  Est./S.E.    P-Value

Results for Class-specific Model Parts of T.C1

Latent Class Pattern T#1 C1#1

 EDWC_T1
    Category 1         0.999      0.000   2099.922      0.000
    Category 2         0.001      0.000      1.533      0.125
 IDWC_T1
    Category 1         0.971      0.003    330.837      0.000
    Category 2         0.029      0.003      9.733      0.000

Latent Class Pattern T#1 C1#2

 EDWC_T1
    Category 1         0.175      0.012     14.505      0.000
    Category 2         0.825      0.012     68.517      0.000
 IDWC_T1
    Category 1         0.646      0.016     41.458      0.000
    Category 2         0.354      0.016     22.762      0.000

Latent Class Pattern T#1 C1#3

 EDWC_T1
    Category 1         0.998      0.002    663.115      0.000
    Category 2         0.002      0.002      1.219      0.223
 IDWC_T1
    Category 1         0.580      0.017     33.800      0.000
    Category 2         0.420      0.017     24.469      0.000

Latent Class Pattern T#1 C1#4

 EDWC_T1
    Category 1         0.096      0.007     13.317      0.000
    Category 2         0.904      0.007    125.058      0.000
 IDWC_T1
    Category 1         0.965      0.005    207.821      0.000
    Category 2         0.035      0.005      7.438      0.000

Latent Class Pattern T#2 C1#1

 EDWC_T1
    Category 1         0.998      0.001   1058.932      0.000
    Category 2         0.002      0.001      2.124      0.034
 IDWC_T1
    Category 1         0.946      0.005    186.505      0.000
    Category 2         0.054      0.005     10.711      0.000

Latent Class Pattern T#2 C1#2

 EDWC_T1
    Category 1         0.055      0.007      8.382      0.000
    Category 2         0.945      0.007    144.217      0.000
 IDWC_T1
    Category 1         0.231      0.013     18.513      0.000
    Category 2         0.769      0.013     61.460      0.000

Latent Class Pattern T#2 C1#3

 EDWC_T1
    Category 1         0.997      0.002    569.433      0.000
    Category 2         0.003      0.002      1.736      0.082
 IDWC_T1
    Category 1         0.247      0.015     16.198      0.000
    Category 2         0.753      0.015     49.464      0.000

Latent Class Pattern T#2 C1#4

 EDWC_T1
    Category 1         0.030      0.004      7.193      0.000
    Category 2         0.970      0.004    236.091      0.000
 IDWC_T1
    Category 1         0.923      0.008    122.419      0.000
    Category 2         0.077      0.008     10.181      0.000

Results for Class-specific Model Parts of T.C3

Latent Class Pattern T#1 C3#1

 EDWC_T3
    Category 1         0.999      0.000   2099.922      0.000
    Category 2         0.001      0.000      1.533      0.125
 IDWC_T3
    Category 1         0.971      0.003    330.837      0.000
    Category 2         0.029      0.003      9.733      0.000

Latent Class Pattern T#1 C3#2

 EDWC_T3
    Category 1         0.175      0.012     14.505      0.000
    Category 2         0.825      0.012     68.517      0.000
 IDWC_T3
    Category 1         0.646      0.016     41.458      0.000
    Category 2         0.354      0.016     22.762      0.000

Latent Class Pattern T#1 C3#3

 EDWC_T3
    Category 1         0.998      0.002    663.115      0.000
    Category 2         0.002      0.002      1.219      0.223
 IDWC_T3
    Category 1         0.580      0.017     33.800      0.000
    Category 2         0.420      0.017     24.469      0.000

Latent Class Pattern T#1 C3#4

 EDWC_T3
    Category 1         0.096      0.007     13.317      0.000
    Category 2         0.904      0.007    125.058      0.000
 IDWC_T3
    Category 1         0.965      0.005    207.821      0.000
    Category 2         0.035      0.005      7.438      0.000

Latent Class Pattern T#2 C3#1

 EDWC_T3
    Category 1         0.998      0.001   1058.932      0.000
    Category 2         0.002      0.001      2.124      0.034
 IDWC_T3
    Category 1         0.946      0.005    186.505      0.000
    Category 2         0.054      0.005     10.711      0.000

Latent Class Pattern T#2 C3#2

 EDWC_T3
    Category 1         0.055      0.007      8.382      0.000
    Category 2         0.945      0.007    144.217      0.000
 IDWC_T3
    Category 1         0.231      0.013     18.513      0.000
    Category 2         0.769      0.013     61.460      0.000

Latent Class Pattern T#2 C3#3

 EDWC_T3
    Category 1         0.997      0.002    569.433      0.000
    Category 2         0.003      0.002      1.736      0.082
 IDWC_T3
    Category 1         0.247      0.015     16.198      0.000
    Category 2         0.753      0.015     49.464      0.000

Latent Class Pattern T#2 C3#4

 EDWC_T3
    Category 1         0.030      0.004      7.193      0.000
    Category 2         0.970      0.004    236.091      0.000
 IDWC_T3
    Category 1         0.923      0.008    122.419      0.000
    Category 2         0.077      0.008     10.181      0.000


DIAGRAM INFORMATION

  Mplus diagrams are currently not available for Mixture analysis.
  No diagram output was produced.


     Beginning Time:  20:52:58
        Ending Time:  20:58:26
       Elapsed Time:  00:05:28



MUTHEN & MUTHEN
3463 Stoner Ave.
Los Angeles, CA  90066

Tel: (310) 391-9971
Fax: (310) 391-8971
Web: www.StatModel.com
Support: Support@StatModel.com

Copyright (c) 1998-2024 Muthen & Muthen
